\BOOKMARK [0][-]{chapter.1}{\376\377\006\105\006\102\006\057\006\105\006\107}{}% 1
\BOOKMARK [1][-]{section.1.1}{\376\377\006\047\006\061\006\052\006\050\006\047\006\067\000\040\006\050\006\047\000\040\006\106\006\070\006\061\006\314\006\107\000\040\006\047\006\052\006\110\006\105\006\047\006\052\006\047\000\040\006\110\000\040\006\062\006\050\006\047\006\106\040\014\006\107\006\047}{chapter.1}% 2
\BOOKMARK [1][-]{section.1.2}{\376\377\006\062\006\314\006\061\006\105\006\054\006\105\006\110\006\071\006\107\000\040\006\062\006\050\006\047\006\106\000\040\000H\000a\000s\000h\000\040\006\176\006\064\006\052\006\314\006\050\006\047\006\106\006\314\000\040\006\064\006\057\006\107}{chapter.1}% 3
\BOOKMARK [1][-]{section.1.3}{\376\377\006\105\006\055\006\057\006\110\006\057\006\314\006\052\040\014\006\107\006\047\006\314\000\040\006\176\006\314\006\047\006\057\006\107\040\014\006\063\006\047\006\062\006\314}{chapter.1}% 4
\BOOKMARK [1][-]{section.1.4}{\376\377\006\106\006\055\006\110\006\107\000\040\006\071\006\105\006\104\006\251\006\061\006\057\000\040\006\251\006\104\000\040\006\063\006\314\006\063\006\052\006\105}{chapter.1}% 5
\BOOKMARK [0][-]{chapter.2}{\376\377\006\052\006\110\006\066\006\314\006\055\000\040\006\251\006\104\006\047\006\063\000\040\000M\000a\000i\000n}{}% 6
\BOOKMARK [1][-]{section.2.1}{\376\377\006\056\006\110\006\047\006\106\006\057\006\106\000\040\006\110\006\061\006\110\006\057\006\314}{chapter.2}% 7
\BOOKMARK [1][-]{section.2.2}{\376\377\006\052\006\110\006\104\006\314\006\057\000\040\000L\000e\000x\000e\000r\000\040\006\110\000\040\000P\000a\000r\000s\000e\000r}{chapter.2}% 8
\BOOKMARK [1][-]{section.2.3}{\376\377\006\050\006\061\006\061\006\063\006\314\000\040\006\056\006\067\006\047\006\107\006\047\006\314\000\040\006\106\006\055\006\110\006\314}{chapter.2}% 9
\BOOKMARK [1][-]{section.2.4}{\376\377\006\050\006\061\006\061\006\063\006\314\000\040\006\105\006\071\006\106\006\047\006\314\006\314}{chapter.2}% 10
\BOOKMARK [1][-]{section.2.5}{\376\377\006\052\006\110\006\104\006\314\006\057\000\040\006\251\006\057\000\040\000P\000r\000o\000m\000e\000l\000a}{chapter.2}% 11
\BOOKMARK [1][-]{section.2.6}{\376\377\006\060\006\056\006\314\006\061\006\107\000\040\006\056\006\061\006\110\006\054\006\314}{chapter.2}% 12
\BOOKMARK [0][-]{chapter.3}{\376\377\006\206\006\061\006\047\000\040\006\047\006\062\000\040\000V\000i\000s\000i\000t\000o\000r\000\040\006\047\006\063\006\052\006\101\006\047\006\057\006\107\000\040\006\064\006\057\006\107\000\040\006\047\006\063\006\052\006\037}{}% 13
\BOOKMARK [1][-]{section.3.1}{\376\377\006\105\006\102\006\047\006\314\006\063\006\107\000\040\000V\000i\000s\000i\000t\000o\000r\000\040\006\110\000\040\000L\000i\000s\000t\000e\000n\000e\000r}{chapter.3}% 14
\BOOKMARK [1][-]{section.3.2}{\376\377\006\057\006\104\006\047\006\314\006\104\000\040\006\047\006\065\006\104\006\314\000\040\006\047\006\106\006\052\006\056\006\047\006\050\000\040\000V\000i\000s\000i\000t\000o\000r}{chapter.3}% 15
\BOOKMARK [1][-]{section.3.3}{\376\377\006\106\006\105\006\110\006\106\006\107\040\014\006\107\006\047\006\314\000\040\006\071\006\105\006\104\006\314\000\040\006\047\006\062\000\040\006\105\006\062\006\047\006\314\006\047\006\314\000\040\000V\000i\000s\000i\000t\000o\000r}{chapter.3}% 16
\BOOKMARK [0][-]{chapter.4}{\376\377\006\067\006\061\006\047\006\055\006\314\000\040\000T\000r\000a\000n\000s\000l\000a\000t\000o\000r\000\040\000\050\000H\000a\000s\000h\000T\000o\000P\000r\000o\000m\000e\000l\000a\000\051}{}% 17
\BOOKMARK [1][-]{section.4.1}{\376\377\006\063\006\047\006\056\006\052\006\047\006\061\000\040\006\251\006\104\006\314\000\040\006\251\006\104\006\047\006\063}{chapter.4}% 18
\BOOKMARK [1][-]{section.4.2}{\376\377\006\105\006\052\006\057\000\040\000v\000i\000s\000i\000t\000P\000r\000o\000g\000r\000a\000m\000\040\000-\000\040\006\106\006\102\006\067\006\107\000\040\006\110\006\061\006\110\006\057\000\040\006\047\006\065\006\104\006\314}{chapter.4}% 19
\BOOKMARK [1][-]{section.4.3}{\376\377\006\105\006\052\006\057\000\040\000v\000i\000s\000i\000t\000V\000a\000r\000D\000e\000c\000l\000\040\000-\000\040\006\052\006\061\006\054\006\105\006\107\000\040\006\052\006\071\006\061\006\314\006\101\000\040\006\105\006\052\006\072\006\314\006\061\006\107\006\047}{chapter.4}% 20
\BOOKMARK [1][-]{section.4.4}{\376\377\006\052\006\061\006\054\006\105\006\107\000\040\006\071\006\050\006\047\006\061\006\047\006\052\000\040\000\050\000E\000x\000p\000r\000e\000s\000s\000i\000o\000n\000s\000\051\000\040\006\057\006\061\000\040\000H\000a\000s\000h\000T\000o\000P\000r\000o\000m\000e\000l\000a}{chapter.4}% 21
\BOOKMARK [2][-]{subsection.4.4.1}{\376\377\006\061\006\110\006\064\000\040\006\251\006\104\006\314\000\040\006\052\006\061\006\054\006\105\006\107}{section.4.4}% 22
\BOOKMARK [2][-]{subsection.4.4.2}{\376\377\006\063\006\104\006\063\006\104\006\107\040\014\006\105\006\061\006\047\006\052\006\050\000\040\006\052\006\061\006\054\006\105\006\107\000\040\006\071\006\050\006\047\006\061\006\047\006\052}{section.4.4}% 23
\BOOKMARK [2][-]{subsection.4.4.3}{\376\377\006\106\006\055\006\110\006\107\000\040\006\047\006\052\006\065\006\047\006\104\000\040\006\105\006\052\006\057\006\107\006\047}{section.4.4}% 24
\BOOKMARK [2][-]{subsection.4.4.4}{\376\377\006\071\006\105\006\104\006\257\006\061\006\107\006\047\006\314\000\040\006\176\006\064\006\052\006\314\006\050\006\047\006\106\006\314\040\014\006\064\006\057\006\107}{section.4.4}% 25
\BOOKMARK [2][-]{subsection.4.4.5}{\376\377\006\105\006\057\006\314\006\061\006\314\006\052\000\040\006\071\006\105\006\104\006\257\006\061\006\107\006\047\006\314\000\040\006\056\006\047\006\065}{section.4.4}% 26
\BOOKMARK [2][-]{subsection.4.4.6}{\376\377\006\105\006\062\006\047\006\314\006\047\006\314\000\040\006\061\006\110\006\064\000\040\000V\000i\000s\000i\000t\000o\000r}{section.4.4}% 27
\BOOKMARK [1][-]{section.4.5}{\376\377\006\105\006\052\006\057\000\040\000v\000i\000s\000i\000t\000A\000s\000s\000i\000g\000n\000m\000e\000n\000t\000\040\000-\000\040\006\052\006\061\006\054\006\105\006\107\000\040\006\047\006\106\006\052\006\063\006\047\006\050}{chapter.4}% 28
\BOOKMARK [1][-]{section.4.6}{\376\377\006\105\006\052\006\057\000\040\000v\000i\000s\000i\000t\000I\000f\000S\000t\000m\000t\000\040\000-\000\040\006\052\006\061\006\054\006\105\006\107\000\040\006\057\006\063\006\052\006\110\006\061\000\040\006\064\006\061\006\067\006\314}{chapter.4}% 29
\BOOKMARK [1][-]{section.4.7}{\376\377\006\105\006\052\006\057\000\040\000v\000i\000s\000i\000t\000W\000h\000i\000l\000e\000S\000t\000m\000t\000\040\000-\000\040\006\052\006\061\006\054\006\105\006\107\000\040\006\055\006\104\006\102\006\107\000\040\000w\000h\000i\000l\000e}{chapter.4}% 30
\BOOKMARK [1][-]{section.4.8}{\376\377\006\105\006\052\006\057\000\040\000v\000i\000s\000i\000t\000F\000o\000r\000S\000t\000m\000t\000\040\000-\000\040\006\052\006\061\006\054\006\105\006\107\000\040\006\055\006\104\006\102\006\107\000\040\000f\000o\000r}{chapter.4}% 31
\BOOKMARK [1][-]{section.4.9}{\376\377\006\105\006\052\006\057\000\040\000v\000i\000s\000i\000t\000T\000r\000y\000S\000t\000m\000t\000\040\000-\000\040\006\052\006\061\006\054\006\105\006\107\000\040\006\063\006\047\006\056\006\052\006\047\006\061\000\040\000t\000r\000y\000-\000c\000a\000t\000c\000h}{chapter.4}% 32
\BOOKMARK [0][-]{chapter.5}{\376\377\006\052\006\110\006\047\006\050\006\071\000\040\006\251\006\105\006\251\006\314\000\040\006\105\006\107\006\105}{}% 33
\BOOKMARK [1][-]{section.5.1}{\376\377\000m\000a\000p\000T\000y\000p\000e\000\040\000-\000\040\006\106\006\257\006\047\006\064\006\052\000\040\006\047\006\106\006\110\006\047\006\071\000\040\006\057\006\047\006\057\006\107}{chapter.5}% 34
\BOOKMARK [1][-]{section.5.2}{\376\377\000g\000u\000a\000r\000d\000D\000i\000v\000i\000s\000i\000o\000n\000B\000y\000Z\000e\000r\000o\000\040\000-\000\040\006\105\006\055\006\047\006\101\006\070\006\052\000\040\006\047\006\062\000\040\006\052\006\102\006\063\006\314\006\105\000\040\006\050\006\061\000\040\006\065\006\101\006\061}{chapter.5}% 35
\BOOKMARK [1][-]{section.5.3}{\376\377\000f\000i\000n\000d\000Z\000e\000r\000o\000D\000i\000v\000i\000s\000o\000r\000s\000\040\000-\000\040\006\314\006\047\006\101\006\052\006\106\000\040\006\105\006\102\006\063\006\110\006\105\040\014\006\071\006\104\006\314\006\107\040\014\006\107\006\047\006\314\000\040\006\065\006\101\006\061}{chapter.5}% 36
\BOOKMARK [1][-]{section.5.4}{\376\377\000e\000x\000p\000a\000n\000d\000P\000o\000w\000e\000r\000\040\000-\000\040\006\052\006\050\006\057\006\314\006\104\000\040\006\052\006\110\006\047\006\106}{chapter.5}% 37
\BOOKMARK [1][-]{section.5.5}{\376\377\000i\000n\000d\000e\000n\000t\000\040\000-\000\040\006\101\006\061\006\105\006\052\040\014\006\050\006\106\006\057\006\314\000\040\006\056\006\061\006\110\006\054\006\314}{chapter.5}% 38
\BOOKMARK [1][-]{section.5.6}{\376\377\000e\000n\000t\000e\000r\000L\000o\000o\000p\000F\000l\000a\000g\000s\000\040\000/\000\040\000e\000x\000i\000t\000L\000o\000o\000p\000F\000l\000a\000g\000s\000\040\000-\000\040\006\105\006\057\006\314\006\061\006\314\006\052\000\040\006\176\006\061\006\206\006\105\040\014\006\107\006\047\006\314\000\040\006\055\006\104\006\102\006\107}{chapter.5}% 39
\BOOKMARK [0][-]{chapter.6}{\376\377\006\106\006\052\006\314\006\054\006\107\040\014\006\257\006\314\006\061\006\314\000\040\006\110\000\040\006\054\006\105\006\071\040\014\006\050\006\106\006\057\006\314}{}% 40
