\BOOKMARK [1][-]{section.1}{\376\377\006\105\006\102\006\057\006\105\006\107\000\040\006\101\006\047\006\062\000\040\006\057\006\110\006\105}{}% 1
\BOOKMARK [1][-]{section.2}{\376\377\006\050\006\061\006\106\006\047\006\105\006\107\000\040\006\105\006\110\006\061\006\057\000\040\006\050\006\061\006\061\006\063\006\314}{}% 2
\BOOKMARK [1][-]{section.3}{\376\377\006\056\006\065\006\110\006\065\006\314\006\052\000\040\006\047\006\110\006\104\000\040\040\024\000\040\000S\000a\000f\000e\000t\000y}{}% 3
\BOOKMARK [2][-]{subsection.3.1}{\376\377\006\101\006\061\006\105\006\110\006\104\000\040\000L\000T\000L}{section.3}% 4
\BOOKMARK [2][-]{subsection.3.2}{\376\377\006\057\006\063\006\052\006\110\006\061\000\040\006\047\006\054\006\061\006\047}{section.3}% 5
\BOOKMARK [2][-]{subsection.3.3}{\376\377\006\056\006\061\006\110\006\054\006\314\000\040\006\052\006\061\006\105\006\314\006\106\006\047\006\104}{section.3}% 6
\BOOKMARK [2][-]{subsection.3.4}{\376\377\006\052\006\101\006\063\006\314\006\061}{section.3}% 7
\BOOKMARK [1][-]{section.4}{\376\377\006\056\006\065\006\110\006\065\006\314\006\052\000\040\006\057\006\110\006\105\000\040\040\024\000\040\000L\000i\000v\000e\000n\000e\000s\000s}{}% 8
\BOOKMARK [2][-]{subsection.4.1}{\376\377\006\101\006\061\006\105\006\110\006\104\000\040\000L\000T\000L}{section.4}% 9
\BOOKMARK [2][-]{subsection.4.2}{\376\377\006\057\006\063\006\052\006\110\006\061\000\040\006\047\006\054\006\061\006\047}{section.4}% 10
\BOOKMARK [2][-]{subsection.4.3}{\376\377\006\056\006\061\006\110\006\054\006\314\000\040\006\052\006\061\006\105\006\314\006\106\006\047\006\104}{section.4}% 11
\BOOKMARK [2][-]{subsection.4.4}{\376\377\006\052\006\101\006\063\006\314\006\061}{section.4}% 12
\BOOKMARK [1][-]{section.5}{\376\377\006\056\006\065\006\110\006\065\006\314\006\052\000\040\006\063\006\110\006\105\000\040\040\024\000\040\000R\000e\000a\000c\000h\000a\000b\000i\000l\000i\000t\000y}{}% 13
\BOOKMARK [2][-]{subsection.5.1}{\376\377\006\101\006\061\006\105\006\110\006\104\000\040\000L\000T\000L}{section.5}% 14
\BOOKMARK [2][-]{subsection.5.2}{\376\377\006\057\006\063\006\052\006\110\006\061\000\040\006\047\006\054\006\061\006\047}{section.5}% 15
\BOOKMARK [2][-]{subsection.5.3}{\376\377\006\056\006\061\006\110\006\054\006\314\000\040\006\052\006\061\006\105\006\314\006\106\006\047\006\104}{section.5}% 16
\BOOKMARK [2][-]{subsection.5.4}{\376\377\006\052\006\101\006\063\006\314\006\061\000\040\040\024\000\040\006\050\006\047\006\257\000\040\000:\000\051\000\051}{section.5}% 17
\BOOKMARK [1][-]{section.6}{\376\377\006\056\006\065\006\110\006\065\006\314\006\052\000\040\006\206\006\107\006\047\006\061\006\105\000\040\040\024\000\040\000D\000e\000a\000d\000l\000o\000c\000k\000\040\000F\000r\000e\000e\000d\000o\000m}{}% 18
\BOOKMARK [2][-]{subsection.6.1}{\376\377\006\057\006\063\006\052\006\110\006\061\000\040\006\047\006\054\006\061\006\047}{section.6}% 19
\BOOKMARK [2][-]{subsection.6.2}{\376\377\006\056\006\061\006\110\006\054\006\314\000\040\006\052\006\061\006\105\006\314\006\106\006\047\006\104\000\040\000\050\006\105\006\063\006\314\006\061\000\040\006\047\006\054\006\061\006\047\006\314\000\040\006\251\006\047\006\105\006\104\000\051}{section.6}% 20
\BOOKMARK [2][-]{subsection.6.3}{\376\377\006\052\006\101\006\063\006\314\006\061}{section.6}% 21
\BOOKMARK [1][-]{section.7}{\376\377\006\056\006\065\006\110\006\065\006\314\006\052\000\040\006\176\006\106\006\054\006\105\000\040\040\024\000\040\000I\000n\000v\000a\000r\000i\000a\000n\000t}{}% 22
\BOOKMARK [2][-]{subsection.7.1}{\376\377\006\101\006\061\006\105\006\110\006\104\000\040\000L\000T\000L}{section.7}% 23
\BOOKMARK [2][-]{subsection.7.2}{\376\377\006\057\006\063\006\052\006\110\006\061\000\040\006\047\006\054\006\061\006\047}{section.7}% 24
\BOOKMARK [2][-]{subsection.7.3}{\376\377\006\056\006\061\006\110\006\054\006\314\000\040\006\052\006\061\006\105\006\314\006\106\006\047\006\104}{section.7}% 25
\BOOKMARK [2][-]{subsection.7.4}{\376\377\006\052\006\101\006\063\006\314\006\061}{section.7}% 26
